2024-06-04T17:09:39  refactor: tidy internals
2024-07-08T12:26:46  fix: handle empty input gracefully
2024-08-11T19:43:53  perf: micro-optimization
2024-08-22T14:00:00  style: formatting
2024-09-08T09:17:07  chore: bump dev tooling
2024-10-13T16:34:14  docs: expand examples
2024-11-16T11:51:21  test: strengthen coverage
2024-12-04T18:08:28  chore: tune defaults
2024-12-14T13:25:35  refactor: simplify helper
2025-01-18T08:42:42  chore: routine maintenance
2025-02-21T15:59:49  docs: clarify usage notes
2025-03-11T10:16:56  test: add edge case
2025-03-21T17:33:03  refactor: tidy internals
2025-04-25T12:50:10  fix: handle empty input gracefully
2025-05-12T19:07:17  perf: micro-optimization
2025-06-16T14:24:24  style: formatting
2025-07-20T09:41:31  chore: bump dev tooling
2025-08-06T16:58:38  docs: expand examples
2025-08-17T11:15:45  test: strengthen coverage
2025-09-20T18:32:52  chore: tune defaults
2025-10-25T13:49:59  refactor: simplify helper
2025-11-11T08:06:06  chore: routine maintenance
